2023-01-11 09:32:46,155                      call:85   - [7MesJcAJPzVS-kWFU30vu_X2X5WRPDC5mj] - fail to push to database:  - e.PushToOracleCallable 
org.json.JSONException: JSONObject["amount"] is not a int.
	at org.json.JSONObject.wrongValueFormatException(JSONObject.java:2701)
	at org.json.JSONObject.getInt(JSONObject.java:766)
	at vn.vnpay.receiver.runnable.PushToOracleCallable.pushToDatabase(PushToOracleCallable.java:45)
	at vn.vnpay.receiver.runnable.PushToOracleCallable.call(PushToOracleCallable.java:82)
	at vn.vnpay.receiver.runnable.PushToOracleCallable.call(PushToOracleCallable.java:24)
	at java.util.concurrent.FutureTask.run(FutureTask.java:266)
	at java.util.concurrent.ScheduledThreadPoolExecutor$ScheduledFutureTask.access$201(ScheduledThreadPoolExecutor.java:180)
	at java.util.concurrent.ScheduledThreadPoolExecutor$ScheduledFutureTask.run(ScheduledThreadPoolExecutor.java:293)
	at java.util.concurrent.ThreadPoolExecutor.runWorker(ThreadPoolExecutor.java:1142)
	at java.util.concurrent.ThreadPoolExecutor$Worker.run(ThreadPoolExecutor.java:617)
	at java.lang.Thread.run(Thread.java:745)
Caused by: java.lang.NumberFormatException: For input string: "200000a"
	at java.lang.NumberFormatException.forInputString(NumberFormatException.java:65)
	at java.lang.Integer.parseInt(Integer.java:580)
	at java.lang.Integer.parseInt(Integer.java:615)
	at org.json.JSONObject.getInt(JSONObject.java:764)
	... 9 common frames omitted
	2023-01-11 09:52:30,074                      call:85   - [lerEzxTxCaBBjSUO0K9jhZMMPgk8-M-N] - fail to push to database:  - e.PushToOracleCallable 
org.json.JSONException: JSONObject["amount"] is not a int.
	at org.json.JSONObject.wrongValueFormatException(JSONObject.java:2701)
	at org.json.JSONObject.getInt(JSONObject.java:766)
	at vn.vnpay.receiver.runnable.PushToOracleCallable.pushToDatabase(PushToOracleCallable.java:45)
	at vn.vnpay.receiver.runnable.PushToOracleCallable.call(PushToOracleCallable.java:82)
	at vn.vnpay.receiver.runnable.PushToOracleCallable.call(PushToOracleCallable.java:24)
	at java.util.concurrent.FutureTask.run(FutureTask.java:266)
	at java.util.concurrent.ScheduledThreadPoolExecutor$ScheduledFutureTask.access$201(ScheduledThreadPoolExecutor.java:180)
	at java.util.concurrent.ScheduledThreadPoolExecutor$ScheduledFutureTask.run(ScheduledThreadPoolExecutor.java:293)
	at java.util.concurrent.ThreadPoolExecutor.runWorker(ThreadPoolExecutor.java:1142)
	at java.util.concurrent.ThreadPoolExecutor$Worker.run(ThreadPoolExecutor.java:617)
	at java.lang.Thread.run(Thread.java:745)
Caused by: java.lang.NumberFormatException: For input string: "200000a"
	at java.lang.NumberFormatException.forInputString(NumberFormatException.java:65)
	at java.lang.Integer.parseInt(Integer.java:580)
	at java.lang.Integer.parseInt(Integer.java:615)
	at org.json.JSONObject.getInt(JSONObject.java:764)
	... 9 common frames omitted
org.json.JSONException: JSONObject["amount"] is not a int.
	at org.json.JSONObject.wrongValueFormatException(JSONObject.java:2701)
	at org.json.JSONObject.getInt(JSONObject.java:766)
	at vn.vnpay.receiver.runnable.PushToOracleCallable.pushToDatabase(PushToOracleCallable.java:45)
	at vn.vnpay.receiver.runnable.PushToOracleCallable.call(PushToOracleCallable.java:82)
	at vn.vnpay.receiver.runnable.PushToOracleCallable.call(PushToOracleCallable.java:24)
	at java.util.concurrent.FutureTask.run(FutureTask.java:266)
	at java.util.concurrent.ScheduledThreadPoolExecutor$ScheduledFutureTask.access$201(ScheduledThreadPoolExecutor.java:180)
	at java.util.concurrent.ScheduledThreadPoolExecutor$ScheduledFutureTask.run(ScheduledThreadPoolExecutor.java:293)
	at java.util.concurrent.ThreadPoolExecutor.runWorker(ThreadPoolExecutor.java:1142)
	at java.util.concurrent.ThreadPoolExecutor$Worker.run(ThreadPoolExecutor.java:617)
	at java.lang.Thread.run(Thread.java:745)
Caused by: java.lang.NumberFormatException: For input string: "200000a"
	at java.lang.NumberFormatException.forInputString(NumberFormatException.java:65)
	at java.lang.Integer.parseInt(Integer.java:580)
	at java.lang.Integer.parseInt(Integer.java:615)
	at org.json.JSONObject.getInt(JSONObject.java:764)
	... 9 common frames omitted
org.json.JSONException: JSONObject["amount"] is not a int.
	at org.json.JSONObject.wrongValueFormatException(JSONObject.java:2701)
	at org.json.JSONObject.getInt(JSONObject.java:766)
	at vn.vnpay.receiver.runnable.PushToOracleCallable.pushToDatabase(PushToOracleCallable.java:45)
	at vn.vnpay.receiver.runnable.PushToOracleCallable.call(PushToOracleCallable.java:82)
	at vn.vnpay.receiver.runnable.PushToOracleCallable.call(PushToOracleCallable.java:24)
	at java.util.concurrent.FutureTask.run(FutureTask.java:266)
	at java.util.concurrent.ScheduledThreadPoolExecutor$ScheduledFutureTask.access$201(ScheduledThreadPoolExecutor.java:180)
	at java.util.concurrent.ScheduledThreadPoolExecutor$ScheduledFutureTask.run(ScheduledThreadPoolExecutor.java:293)
	at java.util.concurrent.ThreadPoolExecutor.runWorker(ThreadPoolExecutor.java:1142)
	at java.util.concurrent.ThreadPoolExecutor$Worker.run(ThreadPoolExecutor.java:617)
	at java.lang.Thread.run(Thread.java:745)
Caused by: java.lang.NumberFormatException: For input string: "200000a"
	at java.lang.NumberFormatException.forInputString(NumberFormatException.java:65)
	at java.lang.Integer.parseInt(Integer.java:580)
	at java.lang.Integer.parseInt(Integer.java:615)
	at org.json.JSONObject.getInt(JSONObject.java:764)
	... 9 common frames omitted
org.json.JSONException: JSONObject["amount"] is not a int.
	at org.json.JSONObject.wrongValueFormatException(JSONObject.java:2701)
	at org.json.JSONObject.getInt(JSONObject.java:766)
	at vn.vnpay.receiver.runnable.PushToOracleCallable.pushToDatabase(PushToOracleCallable.java:45)
	at vn.vnpay.receiver.runnable.PushToOracleCallable.call(PushToOracleCallable.java:82)
	at vn.vnpay.receiver.runnable.PushToOracleCallable.call(PushToOracleCallable.java:24)
	at java.util.concurrent.FutureTask.run(FutureTask.java:266)
	at java.util.concurrent.ScheduledThreadPoolExecutor$ScheduledFutureTask.access$201(ScheduledThreadPoolExecutor.java:180)
	at java.util.concurrent.ScheduledThreadPoolExecutor$ScheduledFutureTask.run(ScheduledThreadPoolExecutor.java:293)
	at java.util.concurrent.ThreadPoolExecutor.runWorker(ThreadPoolExecutor.java:1142)
	at java.util.concurrent.ThreadPoolExecutor$Worker.run(ThreadPoolExecutor.java:617)
	at java.lang.Thread.run(Thread.java:745)
Caused by: java.lang.NumberFormatException: For input string: "200000a"
	at java.lang.NumberFormatException.forInputString(NumberFormatException.java:65)
	at java.lang.Integer.parseInt(Integer.java:580)
	at java.lang.Integer.parseInt(Integer.java:615)
	at org.json.JSONObject.getInt(JSONObject.java:764)
	... 9 common frames omitted
	2023-01-11 09:52:30,074                      call:85   - [lerEzxTxCaBBjSUO0K9jhZMMPgk8-M-N] - fail to push to database:  - e.PushToOracleCallable 
org.json.JSONException: JSONObject["amount"] is not a int.
	at org.json.JSONObject.wrongValueFormatException(JSONObject.java:2701)
	at org.json.JSONObject.getInt(JSONObject.java:766)
	at vn.vnpay.receiver.runnable.PushToOracleCallable.pushToDatabase(PushToOracleCallable.java:45)
	at vn.vnpay.receiver.runnable.PushToOracleCallable.call(PushToOracleCallable.java:82)
	at vn.vnpay.receiver.runnable.PushToOracleCallable.call(PushToOracleCallable.java:24)
	at java.util.concurrent.FutureTask.run(FutureTask.java:266)
	at java.util.concurrent.ScheduledThreadPoolExecutor$ScheduledFutureTask.access$201(ScheduledThreadPoolExecutor.java:180)
	at java.util.concurrent.ScheduledThreadPoolExecutor$ScheduledFutureTask.run(ScheduledThreadPoolExecutor.java:293)
	at java.util.concurrent.ThreadPoolExecutor.runWorker(ThreadPoolExecutor.java:1142)
	at java.util.concurrent.ThreadPoolExecutor$Worker.run(ThreadPoolExecutor.java:617)
	at java.lang.Thread.run(Thread.java:745)
Caused by: java.lang.NumberFormatException: For input string: "200000a"
	at java.lang.NumberFormatException.forInputString(NumberFormatException.java:65)
	at java.lang.Integer.parseInt(Integer.java:580)
	at java.lang.Integer.parseInt(Integer.java:615)
	at org.json.JSONObject.getInt(JSONObject.java:764)
	... 9 common frames omitted
2023-01-11 09:52:30,074                      call:85   - [lerEzxTxCaBBjSUO0K9jhZMMPgk8-M-N] - fail to push to database:  - e.PushToOracleCallable 
org.json.JSONException: JSONObject["amount"] is not a int.
	at org.json.JSONObject.wrongValueFormatException(JSONObject.java:2701)
	at org.json.JSONObject.getInt(JSONObject.java:766)
	at vn.vnpay.receiver.runnable.PushToOracleCallable.pushToDatabase(PushToOracleCallable.java:45)
	at vn.vnpay.receiver.runnable.PushToOracleCallable.call(PushToOracleCallable.java:82)
	at vn.vnpay.receiver.runnable.PushToOracleCallable.call(PushToOracleCallable.java:24)
	at java.util.concurrent.FutureTask.run(FutureTask.java:266)
	at java.util.concurrent.ScheduledThreadPoolExecutor$ScheduledFutureTask.access$201(ScheduledThreadPoolExecutor.java:180)
	at java.util.concurrent.ScheduledThreadPoolExecutor$ScheduledFutureTask.run(ScheduledThreadPoolExecutor.java:293)
	at java.util.concurrent.ThreadPoolExecutor.runWorker(ThreadPoolExecutor.java:1142)
	at java.util.concurrent.ThreadPoolExecutor$Worker.run(ThreadPoolExecutor.java:617)
	at java.lang.Thread.run(Thread.java:745)
Caused by: java.lang.NumberFormatException: For input string: "200000a"
	at java.lang.NumberFormatException.forInputString(NumberFormatException.java:65)
	at java.lang.Integer.parseInt(Integer.java:580)
	at java.lang.Integer.parseInt(Integer.java:615)
	at org.json.JSONObject.getInt

2023-01-11 09:52:30,074                      call:85   - [lerEzxTxCaBBjSUO0K9jhZMMPgk8-M-N] - fail to push to database:  - e.PushToOracleCallable 
org.json.JSONException: JSONObject["amount"] is not a int.
	at org.json.JSONObject.wrongValueFormatException(JSONObject.java:2701)
	at org.json.JSONObject.getInt(JSONObject.java:766)
	at vn.vnpay.receiver.runnable.PushToOracleCallable.pushToDatabase(PushToOracleCallable.java:45)
	at vn.vnpay.receiver.runnable.PushToOracleCallable.call(PushToOracleCallable.java:82)
	at vn.vnpay.receiver.runnable.PushToOracleCallable.call(PushToOracleCallable.java:24)
	at java.util.concurrent.FutureTask.run(FutureTask.java:266)
	at java.util.concurrent.ScheduledThreadPoolExecutor$ScheduledFutureTask.access$201(ScheduledThreadPoolExecutor.java:180)
	at java.util.concurrent.ScheduledThreadPoolExecutor$ScheduledFutureTask.run(ScheduledThreadPoolExecutor.java:293)
	at java.util.concurrent.ThreadPoolExecutor.runWorker(ThreadPoolExecutor.java:1142)
	at java.util.concurrent.ThreadPoolExecutor$Worker.run(ThreadPoolExecutor.java:617)
	at java.lang.Thread.run(Thread.java:745)
Caused by: java.lang.NumberFormatException: For input string: "200000a"
	at java.lang.NumberFormatException.forInputString(NumberFormatException.java:65)
	at java.lang.Integer.parseInt(Integer.java:580)
	at java.lang.Integer.parseInt(Integer.java:615)
	at org.json.JSONObject.getInt
2023-01-11 09:52:30,074                      call:85   - [lerEzxTxCaBBjSUO0K9jhZMMPgk8-M-N] - fail to push to database:  - e.PushToOracleCallable 
org.json.JSONException: JSONObject["amount"] is not a int.
	at org.json.JSONObject.wrongValueFormatException(JSONObject.java:2701)
	at org.json.JSONObject.getInt(JSONObject.java:766)
	at vn.vnpay.receiver.runnable.PushToOracleCallable.pushToDatabase(PushToOracleCallable.java:45)
	at vn.vnpay.receiver.runnable.PushToOracleCallable.call(PushToOracleCallable.java:82)
	at vn.vnpay.receiver.runnable.PushToOracleCallable.call(PushToOracleCallable.java:24)
	at java.util.concurrent.FutureTask.run(FutureTask.java:266)
	at java.util.concurrent.ScheduledThreadPoolExecutor$ScheduledFutureTask.access$201(ScheduledThreadPoolExecutor.java:180)
	at java.util.concurrent.ScheduledThreadPoolExecutor$ScheduledFutureTask.run(ScheduledThreadPoolExecutor.java:293)
	at java.util.concurrent.ThreadPoolExecutor.runWorker(ThreadPoolExecutor.java:1142)
	at java.util.concurrent.ThreadPoolExecutor$Worker.run(ThreadPoolExecutor.java:617)
	at java.lang.Thread.run(Thread.java:745)
Caused by: java.lang.NumberFormatException: For input string: "200000a"
	at java.lang.NumberFormatException.forInputString(NumberFormatException.java:65)
	at java.lang.Integer.parseInt(Integer.java:580)
	at java.lang.Integer.parseInt(Integer.java:615)
	at org.json.JSONObject.getInt
2023-01-11 09:52:30,074                      call:85   - [lerEzxTxCaBBjSUO0K9jhZMMPgk8-M-N] - fail to push to database:  - e.PushToOracleCallable 
org.json.JSONException: JSONObject["amount"] is not a int.
	at org.json.JSONObject.wrongValueFormatException(JSONObject.java:2701)
	at org.json.JSONObject.getInt(JSONObject.java:766)
	at vn.vnpay.receiver.runnable.PushToOracleCallable.pushToDatabase(PushToOracleCallable.java:45)
	at vn.vnpay.receiver.runnable.PushToOracleCallable.call(PushToOracleCallable.java:82)
	at vn.vnpay.receiver.runnable.PushToOracleCallable.call(PushToOracleCallable.java:24)
	at java.util.concurrent.FutureTask.run(FutureTask.java:266)
	at java.util.concurrent.ScheduledThreadPoolExecutor$ScheduledFutureTask.access$201(ScheduledThreadPoolExecutor.java:180)
	at java.util.concurrent.ScheduledThreadPoolExecutor$ScheduledFutureTask.run(ScheduledThreadPoolExecutor.java:293)
	at java.util.concurrent.ThreadPoolExecutor.runWorker(ThreadPoolExecutor.java:1142)
	at java.util.concurrent.ThreadPoolExecutor$Worker.run(ThreadPoolExecutor.java:617)
	at java.lang.Thread.run(Thread.java:745)
Caused by: java.lang.NumberFormatException: For input string: "200000a"
	at java.lang.NumberFormatException.forInputString(NumberFormatException.java:65)
	at java.lang.Integer.parseInt(Integer.java:580)
	at java.lang.Integer.parseInt(Integer.java:615)
	at org.json.JSONObject.getInt
2023-01-11 09:52:30,074                      call:85   - [lerEzxTxCaBBjSUO0K9jhZMMPgk8-M-N] - fail to push to database:  - e.PushToOracleCallable 
org.json.JSONException: JSONObject["amount"] is not a int.
	at org.json.JSONObject.wrongValueFormatException(JSONObject.java:2701)
	at org.json.JSONObject.getInt(JSONObject.java:766)
	at vn.vnpay.receiver.runnable.PushToOracleCallable.pushToDatabase(PushToOracleCallable.java:45)
	at vn.vnpay.receiver.runnable.PushToOracleCallable.call(PushToOracleCallable.java:82)
	at vn.vnpay.receiver.runnable.PushToOracleCallable.call(PushToOracleCallable.java:24)
	at java.util.concurrent.FutureTask.run(FutureTask.java:266)
	at java.util.concurrent.ScheduledThreadPoolExecutor$ScheduledFutureTask.access$201(ScheduledThreadPoolExecutor.java:180)
	at java.util.concurrent.ScheduledThreadPoolExecutor$ScheduledFutureTask.run(ScheduledThreadPoolExecutor.java:293)
	at java.util.concurrent.ThreadPoolExecutor.runWorker(ThreadPoolExecutor.java:1142)
	at java.util.concurrent.ThreadPoolExecutor$Worker.run(ThreadPoolExecutor.java:617)
	at java.lang.Thread.run(Thread.java:745)
Caused by: java.lang.NumberFormatException: For input string: "200000a"
	at java.lang.NumberFormatException.forInputString(NumberFormatException.java:65)
	at java.lang.Integer.parseInt(Integer.java:580)
	at java.lang.Integer.parseInt(Integer.java:615)
	at org.json.JSONObject.getInt
2023-01-11 09:52:30,074                      call:85   - [lerEzxTxCaBBjSUO0K9jhZMMPgk8-M-N] - fail to push to database:  - e.PushToOracleCallable 
org.json.JSONException: JSONObject["amount"] is not a int.
	at org.json.JSONObject.wrongValueFormatException(JSONObject.java:2701)
	at org.json.JSONObject.getInt(JSONObject.java:766)
	at vn.vnpay.receiver.runnable.PushToOracleCallable.pushToDatabase(PushToOracleCallable.java:45)
	at vn.vnpay.receiver.runnable.PushToOracleCallable.call(PushToOracleCallable.java:82)
	at vn.vnpay.receiver.runnable.PushToOracleCallable.call(PushToOracleCallable.java:24)
	at java.util.concurrent.FutureTask.run(FutureTask.java:266)
	at java.util.concurrent.ScheduledThreadPoolExecutor$ScheduledFutureTask.access$201(ScheduledThreadPoolExecutor.java:180)
	at java.util.concurrent.ScheduledThreadPoolExecutor$ScheduledFutureTask.run(ScheduledThreadPoolExecutor.java:293)
	at java.util.concurrent.ThreadPoolExecutor.runWorker(ThreadPoolExecutor.java:1142)
	at java.util.concurrent.ThreadPoolExecutor$Worker.run(ThreadPoolExecutor.java:617)
	at java.lang.Thread.run(Thread.java:745)
Caused by: java.lang.NumberFormatException: For input string: "200000a"
	at java.lang.NumberFormatException.forInputString(NumberFormatException.java:65)
	at java.lang.Integer.parseInt(Integer.java:580)
	at java.lang.Integer.parseInt(Integer.java:615)
	at org.json.JSONObject.getInt