2023-02-01 14:50:55,638                     close:45   - [] - connection is closed: {0} - is.RedisConnectionCell 
java.lang.NullPointerException: null
	at vn.vnpay.receiver.connect.redis.RedisConnectionCell.close(RedisConnectionCell.java:43)
	at vn.vnpay.receiver.connect.redis.RedisConnectionPool.lambda$getInstancePool$5(RedisConnectionPool.java:45)
	at vn.vnpay.receiver.connect.redis.RedisConnectionPool$$Lambda$12/575593575.run(Unknown Source)
	at java.lang.Thread.run(Thread.java:745)
2023-02-01 14:50:55,642                     close:45   - [] - connection is closed: {0} - is.RedisConnectionCell 
java.lang.NullPointerException: null
	at vn.vnpay.receiver.connect.redis.RedisConnectionCell.close(RedisConnectionCell.java:43)
	at vn.vnpay.receiver.connect.redis.RedisConnectionPool.lambda$getInstancePool$5(RedisConnectionPool.java:45)
	at vn.vnpay.receiver.connect.redis.RedisConnectionPool$$Lambda$12/575593575.run(Unknown Source)
	at java.lang.Thread.run(Thread.java:745)
2023-02-01 14:50:55,643                     close:45   - [] - connection is closed: {0} - is.RedisConnectionCell 
java.lang.NullPointerException: null
	at vn.vnpay.receiver.connect.redis.RedisConnectionCell.close(RedisConnectionCell.java:43)
	at vn.vnpay.receiver.connect.redis.RedisConnectionPool.lambda$getInstancePool$5(RedisConnectionPool.java:45)
	at vn.vnpay.receiver.connect.redis.RedisConnectionPool$$Lambda$12/575593575.run(Unknown Source)
	at java.lang.Thread.run(Thread.java:745)
2023-02-01 14:50:55,643                     close:45   - [] - connection is closed: {0} - is.RedisConnectionCell 
java.lang.NullPointerException: null
	at vn.vnpay.receiver.connect.redis.RedisConnectionCell.close(RedisConnectionCell.java:43)
	at vn.vnpay.receiver.connect.redis.RedisConnectionPool.lambda$getInstancePool$5(RedisConnectionPool.java:45)
	at vn.vnpay.receiver.connect.redis.RedisConnectionPool$$Lambda$12/575593575.run(Unknown Source)
	at java.lang.Thread.run(Thread.java:745)
2023-02-01 14:50:55,643                     close:45   - [] - connection is closed: {0} - is.RedisConnectionCell 
java.lang.NullPointerException: null
	at vn.vnpay.receiver.connect.redis.RedisConnectionCell.close(RedisConnectionCell.java:43)
	at vn.vnpay.receiver.connect.redis.RedisConnectionPool.lambda$getInstancePool$5(RedisConnectionPool.java:45)
	at vn.vnpay.receiver.connect.redis.RedisConnectionPool$$Lambda$12/575593575.run(Unknown Source)
	at java.lang.Thread.run(Thread.java:745)
2023-02-01 15:01:24,089                     close:45   - [] - connection is closed: {0} - is.RedisConnectionCell 
java.lang.NullPointerException: null
	at vn.vnpay.receiver.connect.redis.RedisConnectionCell.close(RedisConnectionCell.java:43)
	at vn.vnpay.receiver.thread.ShutdownThread$$Lambda$93/1060032248.accept(Unknown Source)
	at java.lang.Iterable.forEach(Iterable.java:75)
	at vn.vnpay.receiver.thread.ShutdownThread.run(ShutdownThread.java:25)
2023-02-01 15:01:24,090                     close:45   - [] - connection is closed: {0} - is.RedisConnectionCell 
java.lang.NullPointerException: null
	at vn.vnpay.receiver.connect.redis.RedisConnectionCell.close(RedisConnectionCell.java:43)
	at vn.vnpay.receiver.thread.ShutdownThread$$Lambda$93/1060032248.accept(Unknown Source)
	at java.lang.Iterable.forEach(Iterable.java:75)
	at vn.vnpay.receiver.thread.ShutdownThread.run(ShutdownThread.java:25)
2023-02-01 15:01:24,090                     close:45   - [] - connection is closed: {0} - is.RedisConnectionCell 
java.lang.NullPointerException: null
	at vn.vnpay.receiver.connect.redis.RedisConnectionCell.close(RedisConnectionCell.java:43)
	at vn.vnpay.receiver.thread.ShutdownThread$$Lambda$93/1060032248.accept(Unknown Source)
	at java.lang.Iterable.forEach(Iterable.java:75)
	at vn.vnpay.receiver.thread.ShutdownThread.run(ShutdownThread.java:25)
2023-02-01 15:01:24,090                     close:45   - [] - connection is closed: {0} - is.RedisConnectionCell 
java.lang.NullPointerException: null
	at vn.vnpay.receiver.connect.redis.RedisConnectionCell.close(RedisConnectionCell.java:43)
	at vn.vnpay.receiver.thread.ShutdownThread$$Lambda$93/1060032248.accept(Unknown Source)
	at java.lang.Iterable.forEach(Iterable.java:75)
	at vn.vnpay.receiver.thread.ShutdownThread.run(ShutdownThread.java:25)
2023-02-01 15:01:24,091                     close:45   - [] - connection is closed: {0} - is.RedisConnectionCell 
java.lang.NullPointerException: null
	at vn.vnpay.receiver.connect.redis.RedisConnectionCell.close(RedisConnectionCell.java:43)
	at vn.vnpay.receiver.thread.ShutdownThread$$Lambda$93/1060032248.accept(Unknown Source)
	at java.lang.Iterable.forEach(Iterable.java:75)
	at vn.vnpay.receiver.thread.ShutdownThread.run(ShutdownThread.java:25)
2023-02-01 16:01:26,130                     close:45   - [] - connection is closed: {0} - is.RedisConnectionCell 
java.lang.NullPointerException: null
	at vn.vnpay.receiver.connect.redis.RedisConnectionCell.close(RedisConnectionCell.java:43)
	at vn.vnpay.receiver.thread.ShutdownThread$$Lambda$34/2045458791.accept(Unknown Source)
	at java.lang.Iterable.forEach(Iterable.java:75)
	at vn.vnpay.receiver.thread.ShutdownThread.run(ShutdownThread.java:25)
2023-02-01 16:01:26,131                     close:45   - [] - connection is closed: {0} - is.RedisConnectionCell 
java.lang.NullPointerException: null
	at vn.vnpay.receiver.connect.redis.RedisConnectionCell.close(RedisConnectionCell.java:43)
	at vn.vnpay.receiver.thread.ShutdownThread$$Lambda$34/2045458791.accept(Unknown Source)
	at java.lang.Iterable.forEach(Iterable.java:75)
	at vn.vnpay.receiver.thread.ShutdownThread.run(ShutdownThread.java:25)
2023-02-01 16:01:26,131                     close:45   - [] - connection is closed: {0} - is.RedisConnectionCell 
java.lang.NullPointerException: null
	at vn.vnpay.receiver.connect.redis.RedisConnectionCell.close(RedisConnectionCell.java:43)
	at vn.vnpay.receiver.thread.ShutdownThread$$Lambda$34/2045458791.accept(Unknown Source)
	at java.lang.Iterable.forEach(Iterable.java:75)
	at vn.vnpay.receiver.thread.ShutdownThread.run(ShutdownThread.java:25)
